#
# There is insufficient memory for the Java Runtime Environment to continue.
# Native memory allocation (mmap) failed to map 346030080 bytes for G1 virtual space
# Possible reasons:
#   The system is out of physical RAM or swap space
#   The process is running with CompressedOops enabled, and the Java Heap may be blocking the growth of the native heap
# Possible solutions:
#   Reduce memory load on the system
#   Increase physical memory or swap space
#   Check if swap backing store is full
#   Decrease Java heap size (-Xmx/-Xms)
#   Decrease number of Java threads
#   Decrease Java thread stack sizes (-Xss)
#   Set larger code cache with -XX:ReservedCodeCacheSize=
#   JVM is running with Unscaled Compressed Oops mode in which the Java heap is
#     placed in the first 4GB address space. The Java Heap base address is the
#     maximum limit for the native heap growth. Please use -XX:HeapBaseMinAddress
#     to set the Java Heap base and to place the Java Heap above 4GB virtual address.
# This output file may be truncated or incomplete.
#
#  Out of Memory Error (os_windows.cpp:3548), pid=13488, tid=4528
#
# JRE version: Java(TM) SE Runtime Environment (17.0.10+11) (build 17.0.10+11-LTS-240)
# Java VM: Java HotSpot(TM) 64-Bit Server VM (17.0.10+11-LTS-240, mixed mode, emulated-client, sharing, tiered, compressed oops, compressed class ptrs, g1 gc, windows-amd64)
# No core dump will be written. Minidumps are not enabled by default on client versions of Windows
#

---------------  S U M M A R Y ------------

Command Line: -Dquarkus-internal.serialized-app-model.path=C:\Users\krist\movies-and-actors-example\target\quarkus\bootstrap\dev-app-model.dat -javaagent:C:\Users\krist\.m2\repository\io\quarkus\quarkus-class-change-agent\3.9.1\quarkus-class-change-agent-3.9.1.jar -XX:TieredStopAtLevel=1 -agentlib:jdwp=transport=dt_socket,address=localhost:5005,server=y,suspend=n -Djava.util.logging.manager=org.jboss.logmanager.LogManager C:\Users\krist\movies-and-actors-example\target\movies-and-actors-example-dev.jar

Host: Intel(R) Core(TM) i5-5200U CPU @ 2.20GHz, 4 cores, 3G,  Windows 10 , 64 bit Build 19041 (10.0.19041.3636)
Time: Fri Apr  5 16:00:32 2024 Srednjeevropski poletni ld 19041 (10.0.19041.3636) elapsed time: 11.813599 seconds (0d 0h 0m 11s)

---------------  T H R E A D  ---------------

Current thread (0x000001c89b499b10):  VMThread "VM Thread" [stack: 0x00000085a1700000,0x00000085a1800000] [id=4528]

Stack: [0x00000085a1700000,0x00000085a1800000]
Native frames: (J=compiled Java code, j=interpreted, Vv=VM code, C=native code)
V  [jvm.dll+0x677a5a]
V  [jvm.dll+0x7d8b2d]
V  [jvm.dll+0x7da48e]
V  [jvm.dll+0x7daaf3]
V  [jvm.dll+0x2455ff]
V  [jvm.dll+0x6749b9]
V  [jvm.dll+0x669382]
V  [jvm.dll+0x302e96]
V  [jvm.dll+0x30a416]
V  [jvm.dll+0x359cbe]
V  [jvm.dll+0x359eef]
V  [jvm.dll+0x2d9e88]
V  [jvm.dll+0x2d8295]
V  [jvm.dll+0x2d789c]
V  [jvm.dll+0x31b18b]
V  [jvm.dll+0x7df30b]
V  [jvm.dll+0x7e0044]
V  [jvm.dll+0x7e055d]
V  [jvm.dll+0x7e0934]
V  [jvm.dll+0x7e0a00]
V  [jvm.dll+0x78888a]
V  [jvm.dll+0x676935]
C  [ucrtbase.dll+0x21bb2]
C  [KERNEL32.DLL+0x17344]
C  [ntdll.dll+0x526b1]

VM_Operation (0x00000085a32f8080): G1CollectForAllocation, mode: safepoint, requested by thread 0x000001c8f246d4b0


---------------  P R O C E S S  ---------------

Threads class SMR info:
_java_thread_list=0x000001c8f237fe30, length=24, elements={
0x000001c89b3e7010, 0x000001c89b4a07a0, 0x000001c89b4a1dc0, 0x000001c89b4bcf20,
0x000001c89b4bd7f0, 0x000001c89b4be950, 0x000001c8aa3fe380, 0x000001c8aa3ff4e0,
0x000001c8aa416ea0, 0x000001c8aa3fc5e0, 0x000001c8aa5f32c0, 0x000001c8aa9de600,
0x000001c8f018a5b0, 0x000001c8f018edc0, 0x000001c8f02a2180, 0x000001c8f034aa00,
0x000001c8f0f5c800, 0x000001c8f0fb5a60, 0x000001c8f1790f70, 0x000001c8f178fb30,
0x000001c8f1793d00, 0x000001c8f24739f0, 0x000001c8f246c580, 0x000001c8f246d4b0
}

Java Threads: ( => current thread )
  0x000001c89b3e7010 JavaThread "main" [_thread_blocked, id=17664, stack(0x00000085a1100000,0x00000085a1200000)]
  0x000001c89b4a07a0 JavaThread "Reference Handler" daemon [_thread_blocked, id=2112, stack(0x00000085a1800000,0x00000085a1900000)]
  0x000001c89b4a1dc0 JavaThread "Finalizer" daemon [_thread_blocked, id=16668, stack(0x00000085a1900000,0x00000085a1a00000)]
  0x000001c89b4bcf20 JavaThread "Signal Dispatcher" daemon [_thread_blocked, id=8768, stack(0x00000085a1a00000,0x00000085a1b00000)]
  0x000001c89b4bd7f0 JavaThread "Attach Listener" daemon [_thread_blocked, id=16148, stack(0x00000085a1b00000,0x00000085a1c00000)]
  0x000001c89b4be950 JavaThread "Service Thread" daemon [_thread_blocked, id=8136, stack(0x00000085a1c00000,0x00000085a1d00000)]
  0x000001c8aa3fe380 JavaThread "Monitor Deflation Thread" daemon [_thread_blocked, id=2848, stack(0x00000085a1d00000,0x00000085a1e00000)]
  0x000001c8aa3ff4e0 JavaThread "C1 CompilerThread0" daemon [_thread_blocked, id=8928, stack(0x00000085a1e00000,0x00000085a1f00000)]
  0x000001c8aa416ea0 JavaThread "Sweeper thread" daemon [_thread_blocked, id=17724, stack(0x00000085a1f00000,0x00000085a2000000)]
  0x000001c8aa3fc5e0 JavaThread "Common-Cleaner" daemon [_thread_blocked, id=17300, stack(0x00000085a2000000,0x00000085a2100000)]
  0x000001c8aa5f32c0 JavaThread "C1 CompilerThread1" daemon [_thread_blocked, id=17448, stack(0x00000085a2100000,0x00000085a2200000)]
  0x000001c8aa9de600 JavaThread "JDWP Transport Listener: dt_socket" daemon [_thread_in_native, id=16704, stack(0x00000085a2200000,0x00000085a2300000)]
  0x000001c8f018a5b0 JavaThread "JDWP Event Helper Thread" daemon [_thread_blocked, id=15692, stack(0x00000085a2300000,0x00000085a2400000)]
  0x000001c8f018edc0 JavaThread "Notification Thread" daemon [_thread_blocked, id=19320, stack(0x00000085a2400000,0x00000085a2500000)]
  0x000001c8f02a2180 JavaThread "Reference Reaper #1" daemon [_thread_blocked, id=10544, stack(0x00000085a2600000,0x00000085a2700000)]
  0x000001c8f034aa00 JavaThread "C1 CompilerThread2" daemon [_thread_blocked, id=18808, stack(0x00000085a2700000,0x00000085a2800000)]
  0x000001c8f0f5c800 JavaThread "Quarkus Devmode keep alive thread" [_thread_blocked, id=9376, stack(0x00000085a2e00000,0x00000085a2f00000)]
  0x000001c8f0fb5a60 JavaThread "ForkJoinPool.commonPool-worker-1" daemon [_thread_blocked, id=14836, stack(0x00000085a2f00000,0x00000085a3000000)]
  0x000001c8f1790f70 JavaThread "WindowsStreamPump" daemon [_thread_in_native, id=14044, stack(0x00000085a7600000,0x00000085a7700000)]
  0x000001c8f178fb30 JavaThread "Aesh InputStream Reader" daemon [_thread_blocked, id=11280, stack(0x00000085a7700000,0x00000085a7800000)]
  0x000001c8f1793d00 JavaThread "H2 TCP Server (tcp://172.24.160.1:10731)" [_thread_in_native, id=9736, stack(0x00000085a7800000,0x00000085a7900000)]
  0x000001c8f24739f0 JavaThread "ForkJoinPool.commonPool-worker-2" daemon [_thread_blocked, id=12568, stack(0x00000085a3000000,0x00000085a3100000)]
  0x000001c8f246c580 JavaThread "ForkJoinPool.commonPool-worker-3" daemon [_thread_blocked, id=19304, stack(0x00000085a3100000,0x00000085a3200000)]
  0x000001c8f246d4b0 JavaThread "Quarkus Main Thread" [_thread_blocked, id=14812, stack(0x00000085a3200000,0x00000085a3300000)]

Other Threads:
=>0x000001c89b499b10 VMThread "VM Thread" [stack: 0x00000085a1700000,0x00000085a1800000] [id=4528]
  0x000001c89b3e7be0 WatcherThread [stack: 0x00000085a2500000,0x00000085a2600000] [id=14024]
  0x000001c89b421fa0 GCTaskThread "GC Thread#0" [stack: 0x00000085a1200000,0x00000085a1300000] [id=14508]
  0x000001c8f03817b0 GCTaskThread "GC Thread#1" [stack: 0x00000085a2800000,0x00000085a2900000] [id=6984]
  0x000001c8f038e280 GCTaskThread "GC Thread#2" [stack: 0x00000085a2900000,0x00000085a2a00000] [id=17260]
  0x000001c8f038e540 GCTaskThread "GC Thread#3" [stack: 0x00000085a2a00000,0x00000085a2b00000] [id=19364]
  0x000001c89b42bb00 ConcurrentGCThread "G1 Main Marker" [stack: 0x00000085a1300000,0x00000085a1400000] [id=10584]
  0x000001c89b42c510 ConcurrentGCThread "G1 Conc#0" [stack: 0x00000085a1400000,0x00000085a1500000] [id=19256]
  0x000001c89b4682f0 ConcurrentGCThread "G1 Refine#0" [stack: 0x00000085a1500000,0x00000085a1600000] [id=7116]
  0x000001c8f07fe100 ConcurrentGCThread "G1 Refine#1" [stack: 0x00000085a2b00000,0x00000085a2c00000] [id=8280]
  0x000001c8f07fe3f0 ConcurrentGCThread "G1 Refine#2" [stack: 0x00000085a2c00000,0x00000085a2d00000] [id=18136]
  0x000001c8f07fe6e0 ConcurrentGCThread "G1 Refine#3" [stack: 0x00000085a2d00000,0x00000085a2e00000] [id=9680]
  0x000001c89b468d20 ConcurrentGCThread "G1 Service" [stack: 0x00000085a1600000,0x00000085a1700000] [id=2020]

Threads with active compile tasks:

VM state: at safepoint (normal execution)

VM Mutex/Monitor currently owned by a thread:  ([mutex/lock_event])
[0x000001c89b3e3160] Threads_lock - owner thread: 0x000001c89b499b10
[0x000001c89b3e3d30] Heap_lock - owner thread: 0x000001c8f246d4b0

Heap address: 0x00000000c2000000, size: 992 MB, Compressed Oops mode: 32-bit

CDS archive(s) mapped at: [0x000001c8ab000000-0x000001c8abbd0000-0x000001c8abbd0000), size 12386304, SharedBaseAddress: 0x000001c8ab000000, ArchiveRelocationMode: 1.
Compressed class space mapped at: 0x000001c8ac000000-0x000001c8ec000000, reserved size: 1073741824
Narrow klass base: 0x000001c8ab000000, Narrow klass shift: 0, Narrow klass range: 0x100000000

GC Precious Log:
 CPUs: 4 total, 4 available
 Memory: 3963M
 Large Page Support: Disabled
 NUMA Support: Disabled
 Compressed Oops: Enabled (32-bit)
 Heap Region Size: 1M
 Heap Min Capacity: 8M
 Heap Initial Capacity: 62M
 Heap Max Capacity: 992M
 Pre-touch: Disabled
 Parallel Workers: 4
 Concurrent Workers: 1
 Concurrent Refinement Workers: 4
 Periodic GC: Disabled

Heap:
 garbage-first heap   total 173056K, used 75532K [0x00000000c2000000, 0x0000000100000000)
  region size 1024K, 8 young (8192K), 8 survivors (8192K)
 Metaspace       used 50317K, committed 51008K, reserved 1114112K
  class space    used 6991K, committed 7296K, reserved 1048576K

Heap Regions: E=young(eden), S=young(survivor), O=old, HS=humongous(starts), HC=humongous(continues), CS=collection set, F=free, OA=open archive, CA=closed archive, TAMS=top-at-mark-start (previous, next)
|   0|0x00000000c2000000, 0x00000000c2100000, 0x00000000c2100000|100%| O|  |TAMS 0x00000000c2100000, 0x00000000c2100000| Untracked 
|   1|0x00000000c2100000, 0x00000000c2200000, 0x00000000c2200000|100%| O|  |TAMS 0x00000000c2200000, 0x00000000c2200000| Untracked 
|   2|0x00000000c2200000, 0x00000000c2300000, 0x00000000c2300000|100%|HS|  |TAMS 0x00000000c2300000, 0x00000000c2300000| Complete 
|   3|0x00000000c2300000, 0x00000000c2400000, 0x00000000c2400000|100%| O|  |TAMS 0x00000000c2400000, 0x00000000c2400000| Untracked 
|   4|0x00000000c2400000, 0x00000000c2500000, 0x00000000c2500000|100%| O|  |TAMS 0x00000000c2500000, 0x00000000c2500000| Untracked 
|   5|0x00000000c2500000, 0x00000000c2600000, 0x00000000c2600000|100%| O|  |TAMS 0x00000000c2600000, 0x00000000c2600000| Untracked 
|   6|0x00000000c2600000, 0x00000000c2700000, 0x00000000c2700000|100%| O|  |TAMS 0x00000000c2700000, 0x00000000c2700000| Untracked 
|   7|0x00000000c2700000, 0x00000000c2800000, 0x00000000c2800000|100%| O|  |TAMS 0x00000000c2800000, 0x00000000c2800000| Untracked 
|   8|0x00000000c2800000, 0x00000000c2900000, 0x00000000c2900000|100%| O|  |TAMS 0x00000000c2900000, 0x00000000c2900000| Untracked 
|   9|0x00000000c2900000, 0x00000000c2a00000, 0x00000000c2a00000|100%| O|  |TAMS 0x00000000c2a00000, 0x00000000c2a00000| Untracked 
|  10|0x00000000c2a00000, 0x00000000c2b00000, 0x00000000c2b00000|100%| O|  |TAMS 0x00000000c2b00000, 0x00000000c2b00000| Untracked 
|  11|0x00000000c2b00000, 0x00000000c2c00000, 0x00000000c2c00000|100%|HS|  |TAMS 0x00000000c2c00000, 0x00000000c2c00000| Complete 
|  12|0x00000000c2c00000, 0x00000000c2d00000, 0x00000000c2d00000|100%|HC|  |TAMS 0x00000000c2d00000, 0x00000000c2d00000| Complete 
|  13|0x00000000c2d00000, 0x00000000c2e00000, 0x00000000c2e00000|100%| O|  |TAMS 0x00000000c2e00000, 0x00000000c2e00000| Untracked 
|  14|0x00000000c2e00000, 0x00000000c2f00000, 0x00000000c2f00000|100%| O|  |TAMS 0x00000000c2f00000, 0x00000000c2f00000| Untracked 
|  15|0x00000000c2f00000, 0x00000000c3000000, 0x00000000c3000000|100%| O|  |TAMS 0x00000000c3000000, 0x00000000c3000000| Untracked 
|  16|0x00000000c3000000, 0x00000000c3100000, 0x00000000c3100000|100%| O|  |TAMS 0x00000000c3100000, 0x00000000c3100000| Untracked 
|  17|0x00000000c3100000, 0x00000000c3200000, 0x00000000c3200000|100%| O|  |TAMS 0x00000000c3200000, 0x00000000c3200000| Untracked 
|  18|0x00000000c3200000, 0x00000000c3300000, 0x00000000c3300000|100%| O|  |TAMS 0x00000000c3300000, 0x00000000c3300000| Untracked 
|  19|0x00000000c3300000, 0x00000000c3400000, 0x00000000c3400000|100%| O|  |TAMS 0x00000000c3400000, 0x00000000c3400000| Untracked 
|  20|0x00000000c3400000, 0x00000000c3500000, 0x00000000c3500000|100%| O|  |TAMS 0x00000000c3500000, 0x00000000c3500000| Untracked 
|  21|0x00000000c3500000, 0x00000000c3600000, 0x00000000c3600000|100%| O|  |TAMS 0x00000000c3600000, 0x00000000c3600000| Untracked 
|  22|0x00000000c3600000, 0x00000000c3700000, 0x00000000c3700000|100%| O|  |TAMS 0x00000000c3700000, 0x00000000c3700000| Untracked 
|  23|0x00000000c3700000, 0x00000000c3800000, 0x00000000c3800000|100%| O|  |TAMS 0x00000000c3800000, 0x00000000c3800000| Untracked 
|  24|0x00000000c3800000, 0x00000000c3900000, 0x00000000c3900000|100%| O|  |TAMS 0x00000000c3900000, 0x00000000c3900000| Untracked 
|  25|0x00000000c3900000, 0x00000000c3a00000, 0x00000000c3a00000|100%| O|  |TAMS 0x00000000c3a00000, 0x00000000c3a00000| Untracked 
|  26|0x00000000c3a00000, 0x00000000c3b00000, 0x00000000c3b00000|100%| O|  |TAMS 0x00000000c3b00000, 0x00000000c3b00000| Untracked 
|  27|0x00000000c3b00000, 0x00000000c3b00000, 0x00000000c3c00000|  0%| F|  |TAMS 0x00000000c3b00000, 0x00000000c3b00000| Untracked 
|  28|0x00000000c3c00000, 0x00000000c3d00000, 0x00000000c3d00000|100%| O|  |TAMS 0x00000000c3d00000, 0x00000000c3d00000| Untracked 
|  29|0x00000000c3d00000, 0x00000000c3e00000, 0x00000000c3e00000|100%| O|  |TAMS 0x00000000c3e00000, 0x00000000c3e00000| Untracked 
|  30|0x00000000c3e00000, 0x00000000c3f00000, 0x00000000c3f00000|100%| O|  |TAMS 0x00000000c3f00000, 0x00000000c3f00000| Untracked 
|  31|0x00000000c3f00000, 0x00000000c4000000, 0x00000000c4000000|100%| O|  |TAMS 0x00000000c4000000, 0x00000000c4000000| Untracked 
|  32|0x00000000c4000000, 0x00000000c4100000, 0x00000000c4100000|100%| O|  |TAMS 0x00000000c4100000, 0x00000000c4100000| Untracked 
|  33|0x00000000c4100000, 0x00000000c4200000, 0x00000000c4200000|100%| O|  |TAMS 0x00000000c4200000, 0x00000000c4200000| Untracked 
|  34|0x00000000c4200000, 0x00000000c4300000, 0x00000000c4300000|100%| O|  |TAMS 0x00000000c4300000, 0x00000000c4300000| Untracked 
|  35|0x00000000c4300000, 0x00000000c4400000, 0x00000000c4400000|100%| O|  |TAMS 0x00000000c4400000, 0x00000000c4400000| Untracked 
|  36|0x00000000c4400000, 0x00000000c4500000, 0x00000000c4500000|100%| O|  |TAMS 0x00000000c4500000, 0x00000000c4500000| Untracked 
|  37|0x00000000c4500000, 0x00000000c4600000, 0x00000000c4600000|100%| O|  |TAMS 0x00000000c4500000, 0x00000000c4600000| Untracked 
|  38|0x00000000c4600000, 0x00000000c4700000, 0x00000000c4700000|100%| O|  |TAMS 0x00000000c4700000, 0x00000000c4700000| Untracked 
|  39|0x00000000c4700000, 0x00000000c4800000, 0x00000000c4800000|100%|HS|  |TAMS 0x00000000c4800000, 0x00000000c4800000| Complete 
|  40|0x00000000c4800000, 0x00000000c4900000, 0x00000000c4900000|100%| O|  |TAMS 0x00000000c4900000, 0x00000000c4900000| Untracked 
|  41|0x00000000c4900000, 0x00000000c4a00000, 0x00000000c4a00000|100%| O|  |TAMS 0x00000000c4a00000, 0x00000000c4a00000| Untracked 
|  42|0x00000000c4a00000, 0x00000000c4b00000, 0x00000000c4b00000|100%| O|  |TAMS 0x00000000c4b00000, 0x00000000c4b00000| Untracked 
|  43|0x00000000c4b00000, 0x00000000c4c00000, 0x00000000c4c00000|100%| O|  |TAMS 0x00000000c4c00000, 0x00000000c4c00000| Untracked 
|  44|0x00000000c4c00000, 0x00000000c4d00000, 0x00000000c4d00000|100%| O|  |TAMS 0x00000000c4d00000, 0x00000000c4d00000| Untracked 
|  45|0x00000000c4d00000, 0x00000000c4e00000, 0x00000000c4e00000|100%| O|  |TAMS 0x00000000c4e00000, 0x00000000c4e00000| Untracked 
|  46|0x00000000c4e00000, 0x00000000c4f00000, 0x00000000c4f00000|100%| O|  |TAMS 0x00000000c4f00000, 0x00000000c4f00000| Untracked 
|  47|0x00000000c4f00000, 0x00000000c5000000, 0x00000000c5000000|100%| O|  |TAMS 0x00000000c5000000, 0x00000000c5000000| Untracked 
|  48|0x00000000c5000000, 0x00000000c5100000, 0x00000000c5100000|100%| O|  |TAMS 0x00000000c5100000, 0x00000000c5100000| Untracked 
|  49|0x00000000c5100000, 0x00000000c5200000, 0x00000000c5200000|100%| O|  |TAMS 0x00000000c5200000, 0x00000000c5200000| Untracked 
|  50|0x00000000c5200000, 0x00000000c5300000, 0x00000000c5300000|100%| O|  |TAMS 0x00000000c5300000, 0x00000000c5300000| Untracked 
|  51|0x00000000c5300000, 0x00000000c5400000, 0x00000000c5400000|100%| O|  |TAMS 0x00000000c5400000, 0x00000000c5400000| Untracked 
|  52|0x00000000c5400000, 0x00000000c5500000, 0x00000000c5500000|100%| O|  |TAMS 0x00000000c5500000, 0x00000000c5500000| Untracked 
|  53|0x00000000c5500000, 0x00000000c5600000, 0x00000000c5600000|100%| O|  |TAMS 0x00000000c5600000, 0x00000000c5600000| Untracked 
|  54|0x00000000c5600000, 0x00000000c5700000, 0x00000000c5700000|100%| O|  |TAMS 0x00000000c5700000, 0x00000000c5700000| Untracked 
|  55|0x00000000c5700000, 0x00000000c5800000, 0x00000000c5800000|100%| O|  |TAMS 0x00000000c5800000, 0x00000000c5800000| Untracked 
|  56|0x00000000c5800000, 0x00000000c5900000, 0x00000000c5900000|100%| O|  |TAMS 0x00000000c5900000, 0x00000000c5900000| Untracked 
|  57|0x00000000c5900000, 0x00000000c5a00000, 0x00000000c5a00000|100%| O|  |TAMS 0x00000000c5a00000, 0x00000000c5a00000| Untracked 
|  58|0x00000000c5a00000, 0x00000000c5b00000, 0x00000000c5b00000|100%| O|  |TAMS 0x00000000c5b00000, 0x00000000c5b00000| Untracked 
|  59|0x00000000c5b00000, 0x00000000c5c00000, 0x00000000c5c00000|100%| O|  |TAMS 0x00000000c5ba6200, 0x00000000c5c00000| Untracked 
|  60|0x00000000c5c00000, 0x00000000c5d00000, 0x00000000c5d00000|100%| O|  |TAMS 0x00000000c5c00000, 0x00000000c5d00000| Untracked 
|  61|0x00000000c5d00000, 0x00000000c5e00000, 0x00000000c5e00000|100%| O|  |TAMS 0x00000000c5d00000, 0x00000000c5e00000| Untracked 
|  62|0x00000000c5e00000, 0x00000000c5f00000, 0x00000000c5f00000|100%| O|  |TAMS 0x00000000c5e00000, 0x00000000c5f00000| Untracked 
|  63|0x00000000c5f00000, 0x00000000c6000000, 0x00000000c6000000|100%| O|  |TAMS 0x00000000c5f00000, 0x00000000c6000000| Untracked 
|  64|0x00000000c6000000, 0x00000000c6100000, 0x00000000c6100000|100%| O|  |TAMS 0x00000000c6000000, 0x00000000c6100000| Untracked 
|  65|0x00000000c6100000, 0x00000000c6200000, 0x00000000c6200000|100%| O|  |TAMS 0x00000000c6100000, 0x00000000c6200000| Untracked 
|  66|0x00000000c6200000, 0x00000000c62e6600, 0x00000000c6300000| 89%| O|  |TAMS 0x00000000c6200000, 0x00000000c62e6408| Untracked 
|  67|0x00000000c6300000, 0x00000000c6300000, 0x00000000c6400000|  0%| F|  |TAMS 0x00000000c6300000, 0x00000000c6300000| Untracked 
|  68|0x00000000c6400000, 0x00000000c6400000, 0x00000000c6500000|  0%| F|  |TAMS 0x00000000c6400000, 0x00000000c6400000| Untracked 
|  69|0x00000000c6500000, 0x00000000c6500000, 0x00000000c6600000|  0%| F|  |TAMS 0x00000000c6500000, 0x00000000c6500000| Untracked 
|  70|0x00000000c6600000, 0x00000000c6600000, 0x00000000c6700000|  0%| F|  |TAMS 0x00000000c6600000, 0x00000000c6600000| Untracked 
|  71|0x00000000c6700000, 0x00000000c6700000, 0x00000000c6800000|  0%| F|  |TAMS 0x00000000c6700000, 0x00000000c6700000| Untracked 
|  72|0x00000000c6800000, 0x00000000c6800000, 0x00000000c6900000|  0%| F|  |TAMS 0x00000000c6800000, 0x00000000c6800000| Untracked 
|  73|0x00000000c6900000, 0x00000000c6900000, 0x00000000c6a00000|  0%| F|  |TAMS 0x00000000c6900000, 0x00000000c6900000| Untracked 
|  74|0x00000000c6a00000, 0x00000000c6a00000, 0x00000000c6b00000|  0%| F|  |TAMS 0x00000000c6a00000, 0x00000000c6a00000| Untracked 
|  75|0x00000000c6b00000, 0x00000000c6b00000, 0x00000000c6c00000|  0%| F|  |TAMS 0x00000000c6b00000, 0x00000000c6b00000| Untracked 
|  76|0x00000000c6c00000, 0x00000000c6c00000, 0x00000000c6d00000|  0%| F|  |TAMS 0x00000000c6c00000, 0x00000000c6c00000| Untracked 
|  77|0x00000000c6d00000, 0x00000000c6d00000, 0x00000000c6e00000|  0%| F|  |TAMS 0x00000000c6d00000, 0x00000000c6d00000| Untracked 
|  78|0x00000000c6e00000, 0x00000000c6e00000, 0x00000000c6f00000|  0%| F|  |TAMS 0x00000000c6e00000, 0x00000000c6e00000| Untracked 
|  79|0x00000000c6f00000, 0x00000000c6f00000, 0x00000000c7000000|  0%| F|  |TAMS 0x00000000c6f00000, 0x00000000c6f00000| Untracked 
|  80|0x00000000c7000000, 0x00000000c7000000, 0x00000000c7100000|  0%| F|  |TAMS 0x00000000c7000000, 0x00000000c7000000| Untracked 
|  81|0x00000000c7100000, 0x00000000c7100000, 0x00000000c7200000|  0%| F|  |TAMS 0x00000000c7100000, 0x00000000c7100000| Untracked 
|  82|0x00000000c7200000, 0x00000000c7200000, 0x00000000c7300000|  0%| F|  |TAMS 0x00000000c7200000, 0x00000000c7200000| Untracked 
|  83|0x00000000c7300000, 0x00000000c7300000, 0x00000000c7400000|  0%| F|  |TAMS 0x00000000c7300000, 0x00000000c7300000| Untracked 
|  84|0x00000000c7400000, 0x00000000c7400000, 0x00000000c7500000|  0%| F|  |TAMS 0x00000000c7400000, 0x00000000c7400000| Untracked 
|  85|0x00000000c7500000, 0x00000000c7500000, 0x00000000c7600000|  0%| F|  |TAMS 0x00000000c7500000, 0x00000000c7500000| Untracked 
|  86|0x00000000c7600000, 0x00000000c7600000, 0x00000000c7700000|  0%| F|  |TAMS 0x00000000c7600000, 0x00000000c7600000| Untracked 
|  87|0x00000000c7700000, 0x00000000c7700000, 0x00000000c7800000|  0%| F|  |TAMS 0x00000000c7700000, 0x00000000c7700000| Untracked 
|  88|0x00000000c7800000, 0x00000000c7800000, 0x00000000c7900000|  0%| F|  |TAMS 0x00000000c7800000, 0x00000000c7800000| Untracked 
|  89|0x00000000c7900000, 0x00000000c7900000, 0x00000000c7a00000|  0%| F|  |TAMS 0x00000000c7900000, 0x00000000c7900000| Untracked 
|  90|0x00000000c7a00000, 0x00000000c7a00000, 0x00000000c7b00000|  0%| F|  |TAMS 0x00000000c7a00000, 0x00000000c7a00000| Untracked 
|  91|0x00000000c7b00000, 0x00000000c7b00000, 0x00000000c7c00000|  0%| F|  |TAMS 0x00000000c7b00000, 0x00000000c7b00000| Untracked 
|  92|0x00000000c7c00000, 0x00000000c7c00000, 0x00000000c7d00000|  0%| F|  |TAMS 0x00000000c7c00000, 0x00000000c7c00000| Untracked 
|  93|0x00000000c7d00000, 0x00000000c7ddcaa0, 0x00000000c7e00000| 86%| S|CS|TAMS 0x00000000c7d00000, 0x00000000c7d00000| Complete 
|  94|0x00000000c7e00000, 0x00000000c7f00000, 0x00000000c7f00000|100%| S|CS|TAMS 0x00000000c7e00000, 0x00000000c7e00000| Complete 
|  95|0x00000000c7f00000, 0x00000000c8000000, 0x00000000c8000000|100%| S|CS|TAMS 0x00000000c7f00000, 0x00000000c7f00000| Complete 
|  96|0x00000000c8000000, 0x00000000c8100000, 0x00000000c8100000|100%| S|CS|TAMS 0x00000000c8000000, 0x00000000c8000000| Complete 
|  97|0x00000000c8100000, 0x00000000c8200000, 0x00000000c8200000|100%| S|CS|TAMS 0x00000000c8100000, 0x00000000c8100000| Complete 
|  98|0x00000000c8200000, 0x00000000c8300000, 0x00000000c8300000|100%| S|CS|TAMS 0x00000000c8200000, 0x00000000c8200000| Complete 
|  99|0x00000000c8300000, 0x00000000c8400000, 0x00000000c8400000|100%| S|CS|TAMS 0x00000000c8300000, 0x00000000c8300000| Complete 
| 100|0x00000000c8400000, 0x00000000c8500000, 0x00000000c8500000|100%| S|CS|TAMS 0x00000000c8400000, 0x00000000c8400000| Complete 
| 101|0x00000000c8500000, 0x00000000c8500000, 0x00000000c8600000|  0%| F|  |TAMS 0x00000000c8500000, 0x00000000c8500000| Untracked 
| 102|0x00000000c8600000, 0x00000000c8600000, 0x00000000c8700000|  0%| F|  |TAMS 0x00000000c8600000, 0x00000000c8600000| Untracked 
| 103|0x00000000c8700000, 0x00000000c8700000, 0x00000000c8800000|  0%| F|  |TAMS 0x00000000c8700000, 0x00000000c8700000| Untracked 
| 104|0x00000000c8800000, 0x00000000c8800000, 0x00000000c8900000|  0%| F|  |TAMS 0x00000000c8800000, 0x00000000c8800000| Untracked 
| 105|0x00000000c8900000, 0x00000000c8900000, 0x00000000c8a00000|  0%| F|  |TAMS 0x00000000c8900000, 0x00000000c8900000| Untracked 
| 106|0x00000000c8a00000, 0x00000000c8a00000, 0x00000000c8b00000|  0%| F|  |TAMS 0x00000000c8a00000, 0x00000000c8a00000| Untracked 
| 107|0x00000000c8b00000, 0x00000000c8b00000, 0x00000000c8c00000|  0%| F|  |TAMS 0x00000000c8b00000, 0x00000000c8b00000| Untracked 
| 108|0x00000000c8c00000, 0x00000000c8c00000, 0x00000000c8d00000|  0%| F|  |TAMS 0x00000000c8c00000, 0x00000000c8c00000| Untracked 
| 109|0x00000000c8d00000, 0x00000000c8d00000, 0x00000000c8e00000|  0%| F|  |TAMS 0x00000000c8d00000, 0x00000000c8d00000| Untracked 
| 110|0x00000000c8e00000, 0x00000000c8e00000, 0x00000000c8f00000|  0%| F|  |TAMS 0x00000000c8e00000, 0x00000000c8e00000| Untracked 
| 111|0x00000000c8f00000, 0x00000000c8f00000, 0x00000000c9000000|  0%| F|  |TAMS 0x00000000c8f00000, 0x00000000c8f00000| Untracked 
| 112|0x00000000c9000000, 0x00000000c9000000, 0x00000000c9100000|  0%| F|  |TAMS 0x00000000c9000000, 0x00000000c9000000| Untracked 
| 113|0x00000000c9100000, 0x00000000c9100000, 0x00000000c9200000|  0%| F|  |TAMS 0x00000000c9100000, 0x00000000c9100000| Untracked 
| 114|0x00000000c9200000, 0x00000000c9200000, 0x00000000c9300000|  0%| F|  |TAMS 0x00000000c9200000, 0x00000000c9200000| Untracked 
| 115|0x00000000c9300000, 0x00000000c9300000, 0x00000000c9400000|  0%| F|  |TAMS 0x00000000c9300000, 0x00000000c9300000| Untracked 
| 116|0x00000000c9400000, 0x00000000c9400000, 0x00000000c9500000|  0%| F|  |TAMS 0x00000000c9400000, 0x00000000c9400000| Untracked 
| 117|0x00000000c9500000, 0x00000000c9500000, 0x00000000c9600000|  0%| F|  |TAMS 0x00000000c9500000, 0x00000000c9500000| Untracked 
| 118|0x00000000c9600000, 0x00000000c9600000, 0x00000000c9700000|  0%| F|  |TAMS 0x00000000c9600000, 0x00000000c9600000| Untracked 
| 119|0x00000000c9700000, 0x00000000c9700000, 0x00000000c9800000|  0%| F|  |TAMS 0x00000000c9700000, 0x00000000c9700000| Untracked 
| 120|0x00000000c9800000, 0x00000000c9800000, 0x00000000c9900000|  0%| F|  |TAMS 0x00000000c9800000, 0x00000000c9800000| Untracked 
| 121|0x00000000c9900000, 0x00000000c9900000, 0x00000000c9a00000|  0%| F|  |TAMS 0x00000000c9900000, 0x00000000c9900000| Untracked 
| 122|0x00000000c9a00000, 0x00000000c9a00000, 0x00000000c9b00000|  0%| F|  |TAMS 0x00000000c9a00000, 0x00000000c9a00000| Untracked 
| 123|0x00000000c9b00000, 0x00000000c9b00000, 0x00000000c9c00000|  0%| F|  |TAMS 0x00000000c9b00000, 0x00000000c9b00000| Untracked 
| 124|0x00000000c9c00000, 0x00000000c9c00000, 0x00000000c9d00000|  0%| F|  |TAMS 0x00000000c9c00000, 0x00000000c9c00000| Untracked 
| 125|0x00000000c9d00000, 0x00000000c9d00000, 0x00000000c9e00000|  0%| F|  |TAMS 0x00000000c9d00000, 0x00000000c9d00000| Untracked 
| 126|0x00000000c9e00000, 0x00000000c9e00000, 0x00000000c9f00000|  0%| F|  |TAMS 0x00000000c9e00000, 0x00000000c9e00000| Untracked 
| 127|0x00000000c9f00000, 0x00000000c9f00000, 0x00000000ca000000|  0%| F|  |TAMS 0x00000000c9f00000, 0x00000000c9f00000| Untracked 
| 128|0x00000000ca000000, 0x00000000ca000000, 0x00000000ca100000|  0%| F|  |TAMS 0x00000000ca000000, 0x00000000ca000000| Untracked 
| 129|0x00000000ca100000, 0x00000000ca100000, 0x00000000ca200000|  0%| F|  |TAMS 0x00000000ca100000, 0x00000000ca100000| Untracked 
| 130|0x00000000ca200000, 0x00000000ca200000, 0x00000000ca300000|  0%| F|  |TAMS 0x00000000ca200000, 0x00000000ca200000| Untracked 
| 131|0x00000000ca300000, 0x00000000ca300000, 0x00000000ca400000|  0%| F|  |TAMS 0x00000000ca300000, 0x00000000ca300000| Untracked 
| 132|0x00000000ca400000, 0x00000000ca400000, 0x00000000ca500000|  0%| F|  |TAMS 0x00000000ca400000, 0x00000000ca400000| Untracked 
| 133|0x00000000ca500000, 0x00000000ca500000, 0x00000000ca600000|  0%| F|  |TAMS 0x00000000ca500000, 0x00000000ca500000| Untracked 
| 134|0x00000000ca600000, 0x00000000ca600000, 0x00000000ca700000|  0%| F|  |TAMS 0x00000000ca600000, 0x00000000ca600000| Untracked 
| 135|0x00000000ca700000, 0x00000000ca700000, 0x00000000ca800000|  0%| F|  |TAMS 0x00000000ca700000, 0x00000000ca700000| Untracked 
| 136|0x00000000ca800000, 0x00000000ca800000, 0x00000000ca900000|  0%| F|  |TAMS 0x00000000ca800000, 0x00000000ca800000| Untracked 
| 137|0x00000000ca900000, 0x00000000ca900000, 0x00000000caa00000|  0%| F|  |TAMS 0x00000000ca900000, 0x00000000ca900000| Untracked 
| 138|0x00000000caa00000, 0x00000000caa00000, 0x00000000cab00000|  0%| F|  |TAMS 0x00000000caa00000, 0x00000000caa00000| Untracked 
| 139|0x00000000cab00000, 0x00000000cab00000, 0x00000000cac00000|  0%| F|  |TAMS 0x00000000cab00000, 0x00000000cab00000| Untracked 
| 140|0x00000000cac00000, 0x00000000cac00000, 0x00000000cad00000|  0%| F|  |TAMS 0x00000000cac00000, 0x00000000cac00000| Untracked 
| 141|0x00000000cad00000, 0x00000000cad00000, 0x00000000cae00000|  0%| F|  |TAMS 0x00000000cad00000, 0x00000000cad00000| Untracked 
| 142|0x00000000cae00000, 0x00000000cae00000, 0x00000000caf00000|  0%| F|  |TAMS 0x00000000cae00000, 0x00000000cae00000| Untracked 
| 143|0x00000000caf00000, 0x00000000caf00000, 0x00000000cb000000|  0%| F|  |TAMS 0x00000000caf00000, 0x00000000caf00000| Untracked 
| 144|0x00000000cb000000, 0x00000000cb000000, 0x00000000cb100000|  0%| F|  |TAMS 0x00000000cb000000, 0x00000000cb000000| Untracked 
| 145|0x00000000cb100000, 0x00000000cb100000, 0x00000000cb200000|  0%| F|  |TAMS 0x00000000cb100000, 0x00000000cb100000| Untracked 
| 146|0x00000000cb200000, 0x00000000cb200000, 0x00000000cb300000|  0%| F|  |TAMS 0x00000000cb200000, 0x00000000cb200000| Untracked 
| 147|0x00000000cb300000, 0x00000000cb300000, 0x00000000cb400000|  0%| F|  |TAMS 0x00000000cb300000, 0x00000000cb300000| Untracked 
| 148|0x00000000cb400000, 0x00000000cb400000, 0x00000000cb500000|  0%| F|  |TAMS 0x00000000cb400000, 0x00000000cb400000| Untracked 
| 149|0x00000000cb500000, 0x00000000cb500000, 0x00000000cb600000|  0%| F|  |TAMS 0x00000000cb500000, 0x00000000cb500000| Untracked 
| 150|0x00000000cb600000, 0x00000000cb600000, 0x00000000cb700000|  0%| F|  |TAMS 0x00000000cb600000, 0x00000000cb600000| Untracked 
| 151|0x00000000cb700000, 0x00000000cb700000, 0x00000000cb800000|  0%| F|  |TAMS 0x00000000cb700000, 0x00000000cb700000| Untracked 
| 152|0x00000000cb800000, 0x00000000cb800000, 0x00000000cb900000|  0%| F|  |TAMS 0x00000000cb800000, 0x00000000cb800000| Untracked 
| 153|0x00000000cb900000, 0x00000000cb900000, 0x00000000cba00000|  0%| F|  |TAMS 0x00000000cb900000, 0x00000000cb900000| Untracked 
| 154|0x00000000cba00000, 0x00000000cba00000, 0x00000000cbb00000|  0%| F|  |TAMS 0x00000000cba00000, 0x00000000cba00000| Untracked 
| 155|0x00000000cbb00000, 0x00000000cbb00000, 0x00000000cbc00000|  0%| F|  |TAMS 0x00000000cbb00000, 0x00000000cbb00000| Untracked 
| 156|0x00000000cbc00000, 0x00000000cbc00000, 0x00000000cbd00000|  0%| F|  |TAMS 0x00000000cbc00000, 0x00000000cbc00000| Untracked 
| 157|0x00000000cbd00000, 0x00000000cbd00000, 0x00000000cbe00000|  0%| F|  |TAMS 0x00000000cbd00000, 0x00000000cbd00000| Untracked 
| 158|0x00000000cbe00000, 0x00000000cbe00000, 0x00000000cbf00000|  0%| F|  |TAMS 0x00000000cbe00000, 0x00000000cbe00000| Untracked 
| 159|0x00000000cbf00000, 0x00000000cbf00000, 0x00000000cc000000|  0%| F|  |TAMS 0x00000000cbf00000, 0x00000000cbf00000| Untracked 
| 160|0x00000000cc000000, 0x00000000cc000000, 0x00000000cc100000|  0%| F|  |TAMS 0x00000000cc000000, 0x00000000cc000000| Untracked 
| 161|0x00000000cc100000, 0x00000000cc100000, 0x00000000cc200000|  0%| F|  |TAMS 0x00000000cc100000, 0x00000000cc100000| Untracked 
| 162|0x00000000cc200000, 0x00000000cc200000, 0x00000000cc300000|  0%| F|  |TAMS 0x00000000cc200000, 0x00000000cc200000| Untracked 
| 163|0x00000000cc300000, 0x00000000cc300000, 0x00000000cc400000|  0%| F|  |TAMS 0x00000000cc300000, 0x00000000cc300000| Untracked 
| 164|0x00000000cc400000, 0x00000000cc400000, 0x00000000cc500000|  0%| F|  |TAMS 0x00000000cc400000, 0x00000000cc400000| Untracked 
| 165|0x00000000cc500000, 0x00000000cc500000, 0x00000000cc600000|  0%| F|  |TAMS 0x00000000cc500000, 0x00000000cc500000| Untracked 
| 166|0x00000000cc600000, 0x00000000cc600000, 0x00000000cc700000|  0%| F|  |TAMS 0x00000000cc600000, 0x00000000cc600000| Untracked 
| 167|0x00000000cc700000, 0x00000000cc700000, 0x00000000cc800000|  0%| F|  |TAMS 0x00000000cc700000, 0x00000000cc700000| Untracked 
| 168|0x00000000cc800000, 0x00000000cc800000, 0x00000000cc900000|  0%| F|  |TAMS 0x00000000cc800000, 0x00000000cc800000| Untracked 

Card table byte_map: [0x000001c8a5ca0000,0x000001c8a5e90000] _byte_map_base: 0x000001c8a5690000

Marking Bits (Prev, Next): (CMBitMap*) 0x000001c89b423610, (CMBitMap*) 0x000001c89b4235d0
 Prev Bits: [0x000001c8a7000000, 0x000001c8a7f80000)
 Next Bits: [0x000001c8a6080000, 0x000001c8a7000000)

Polling page: 0x000001c89abc0000

Metaspace:

Usage:
  Non-class:     42.31 MB used.
      Class:      6.83 MB used.
       Both:     49.14 MB used.

Virtual space:
  Non-class space:       64.00 MB reserved,      42.69 MB ( 67%) committed,  1 nodes.
      Class space:        1.00 GB reserved,       7.12 MB ( <1%) committed,  1 nodes.
             Both:        1.06 GB reserved,      49.81 MB (  5%) committed. 

Chunk freelists:
   Non-Class:  5.17 MB
       Class:  8.91 MB
        Both:  14.08 MB

MaxMetaspaceSize: unlimited
CompressedClassSpaceSize: 1.00 GB
Initial GC threshold: 21.00 MB
Current GC threshold: 60.75 MB
CDS: on
MetaspaceReclaimPolicy: balanced
 - commit_granule_bytes: 65536.
 - commit_granule_words: 8192.
 - virtual_space_node_default_size: 8388608.
 - enlarge_chunks_in_place: 1.
 - new_chunks_are_fully_committed: 0.
 - uncommit_free_chunks: 1.
 - use_allocation_guard: 0.
 - handle_deallocations: 1.


Internal statistics:

num_allocs_failed_limit: 15.
num_arena_births: 864.
num_arena_deaths: 0.
num_vsnodes_births: 2.
num_vsnodes_deaths: 0.
num_space_committed: 797.
num_space_uncommitted: 0.
num_chunks_returned_to_freelist: 15.
num_chunks_taken_from_freelist: 3081.
num_chunk_merges: 12.
num_chunk_splits: 1971.
num_chunks_enlarged: 1175.
num_inconsistent_stats: 0.

CodeCache: size=49152Kb used=13671Kb max_used=13671Kb free=35480Kb
 bounds [0x000001c8a2ca0000, 0x000001c8a3a00000, 0x000001c8a5ca0000]
 total_blobs=7392 nmethods=6748 adapters=568
 compilation: enabled
              stopped_count=0, restarted_count=0
 full_count=0

Compilation events (20 events):
Event: 11.403 Thread 0x000001c8aa5f32c0 6916       1       io.quarkus.devui.runtime.config.ConfigDescription::setTypeName (6 bytes)
Event: 11.403 Thread 0x000001c8aa5f32c0 nmethod 6916 0x000001c8a39f3f90 code [0x000001c8a39f4120, 0x000001c8a39f4238]
Event: 11.415 Thread 0x000001c8aa5f32c0 6917   !   1       java.lang.invoke.StringConcatFactory::makeConcatWithConstants (251 bytes)
Event: 11.418 Thread 0x000001c8aa5f32c0 nmethod 6917 0x000001c8a39f4290 code [0x000001c8a39f46a0, 0x000001c8a39f5a48]
Event: 11.507 Thread 0x000001c8f034aa00 6918       1       java.util.ImmutableCollections$SetN::<init> (90 bytes)
Event: 11.508 Thread 0x000001c8f034aa00 nmethod 6918 0x000001c8a39f6a90 code [0x000001c8a39f6cc0, 0x000001c8a39f7398]
Event: 11.522 Thread 0x000001c8f034aa00 6919       1       io.quarkus.bootstrap.classloading.MemoryClassPathElement$1::getData (5 bytes)
Event: 11.522 Thread 0x000001c8f034aa00 nmethod 6919 0x000001c8a39f7710 code [0x000001c8a39f78a0, 0x000001c8a39f7978]
Event: 11.539 Thread 0x000001c8f034aa00 6920       1       java.util.ImmutableCollections$MapN$MapNIterator::nextIndex (56 bytes)
Event: 11.539 Thread 0x000001c8aa3ff4e0 6922       1       java.util.ImmutableCollections$MapN$MapNIterator::next (75 bytes)
Event: 11.539 Thread 0x000001c8aa5f32c0 6921       1       java.util.ImmutableCollections$MapN$MapNIterator::next (5 bytes)
Event: 11.539 Thread 0x000001c8aa5f32c0 nmethod 6921 0x000001c8a39f7d10 code [0x000001c8a39f7ea0, 0x000001c8a39f7f88]
Event: 11.539 Thread 0x000001c8f034aa00 nmethod 6920 0x000001c8a39f8010 code [0x000001c8a39f81a0, 0x000001c8a39f8298]
Event: 11.539 Thread 0x000001c8aa3ff4e0 nmethod 6922 0x000001c8a39f8390 code [0x000001c8a39f8580, 0x000001c8a39f8a78]
Event: 11.554 Thread 0x000001c8aa3ff4e0 6923       1       java.util.HashMap::forEach (112 bytes)
Event: 11.554 Thread 0x000001c8aa3ff4e0 nmethod 6923 0x000001c8a39f8d90 code [0x000001c8a39f8f60, 0x000001c8a39f9268]
Event: 11.555 Thread 0x000001c8aa3ff4e0 6924       1       java.lang.Class::getGenericInterfaces (21 bytes)
Event: 11.555 Thread 0x000001c8aa3ff4e0 nmethod 6924 0x000001c8a39f9490 code [0x000001c8a39f9660, 0x000001c8a39f98b8]
Event: 11.770 Thread 0x000001c8aa3ff4e0 6925       1       java.lang.Character::isJavaIdentifierPart (5 bytes)
Event: 11.771 Thread 0x000001c8aa3ff4e0 nmethod 6925 0x000001c8a39f9a10 code [0x000001c8a39f9bc0, 0x000001c8a39f9cb8]

GC Heap History (20 events):
Event: 4.250 GC heap after
{Heap after GC invocations=9 (full 0):
 garbage-first heap   total 173056K, used 41312K [0x00000000c2000000, 0x0000000100000000)
  region size 1024K, 2 young (2048K), 2 survivors (2048K)
 Metaspace       used 3544K, committed 3712K, reserved 1114112K
  class space    used 430K, committed 512K, reserved 1048576K
}
Event: 5.455 GC heap before
{Heap before GC invocations=9 (full 0):
 garbage-first heap   total 173056K, used 86368K [0x00000000c2000000, 0x0000000100000000)
  region size 1024K, 45 young (46080K), 2 survivors (2048K)
 Metaspace       used 9128K, committed 9472K, reserved 1114112K
  class space    used 1220K, committed 1408K, reserved 1048576K
}
Event: 5.468 GC heap after
{Heap after GC invocations=10 (full 0):
 garbage-first heap   total 173056K, used 47142K [0x00000000c2000000, 0x0000000100000000)
  region size 1024K, 6 young (6144K), 6 survivors (6144K)
 Metaspace       used 9128K, committed 9472K, reserved 1114112K
  class space    used 1220K, committed 1408K, reserved 1048576K
}
Event: 6.267 GC heap before
{Heap before GC invocations=10 (full 0):
 garbage-first heap   total 173056K, used 98342K [0x00000000c2000000, 0x0000000100000000)
  region size 1024K, 56 young (57344K), 6 survivors (6144K)
 Metaspace       used 14974K, committed 15296K, reserved 1114112K
  class space    used 2030K, committed 2176K, reserved 1048576K
}
Event: 6.283 GC heap after
{Heap after GC invocations=11 (full 0):
 garbage-first heap   total 173056K, used 52204K [0x00000000c2000000, 0x0000000100000000)
  region size 1024K, 5 young (5120K), 5 survivors (5120K)
 Metaspace       used 14974K, committed 15296K, reserved 1114112K
  class space    used 2030K, committed 2176K, reserved 1048576K
}
Event: 6.915 GC heap before
{Heap before GC invocations=11 (full 0):
 garbage-first heap   total 173056K, used 118764K [0x00000000c2000000, 0x0000000100000000)
  region size 1024K, 71 young (72704K), 5 survivors (5120K)
 Metaspace       used 19578K, committed 20032K, reserved 1114112K
  class space    used 2670K, committed 2880K, reserved 1048576K
}
Event: 6.941 GC heap after
{Heap after GC invocations=12 (full 0):
 garbage-first heap   total 173056K, used 56819K [0x00000000c2000000, 0x0000000100000000)
  region size 1024K, 9 young (9216K), 9 survivors (9216K)
 Metaspace       used 19578K, committed 20032K, reserved 1114112K
  class space    used 2670K, committed 2880K, reserved 1048576K
}
Event: 7.143 GC heap before
{Heap before GC invocations=12 (full 0):
 garbage-first heap   total 173056K, used 74227K [0x00000000c2000000, 0x0000000100000000)
  region size 1024K, 28 young (28672K), 9 survivors (9216K)
 Metaspace       used 21146K, committed 21504K, reserved 1114112K
  class space    used 2865K, committed 3072K, reserved 1048576K
}
Event: 7.162 GC heap after
{Heap after GC invocations=13 (full 0):
 garbage-first heap   total 173056K, used 58624K [0x00000000c2000000, 0x0000000100000000)
  region size 1024K, 2 young (2048K), 2 survivors (2048K)
 Metaspace       used 21146K, committed 21504K, reserved 1114112K
  class space    used 2865K, committed 3072K, reserved 1048576K
}
Event: 8.472 GC heap before
{Heap before GC invocations=14 (full 0):
 garbage-first heap   total 173056K, used 129280K [0x00000000c2000000, 0x0000000100000000)
  region size 1024K, 73 young (74752K), 2 survivors (2048K)
 Metaspace       used 29341K, committed 29760K, reserved 1114112K
  class space    used 3881K, committed 4096K, reserved 1048576K
}
Event: 8.483 GC heap after
{Heap after GC invocations=15 (full 0):
 garbage-first heap   total 173056K, used 62182K [0x00000000c2000000, 0x0000000100000000)
  region size 1024K, 7 young (7168K), 7 survivors (7168K)
 Metaspace       used 29341K, committed 29760K, reserved 1114112K
  class space    used 3881K, committed 4096K, reserved 1048576K
}
Event: 8.489 GC heap before
{Heap before GC invocations=15 (full 0):
 garbage-first heap   total 173056K, used 63206K [0x00000000c2000000, 0x0000000100000000)
  region size 1024K, 8 young (8192K), 7 survivors (7168K)
 Metaspace       used 29416K, committed 29824K, reserved 1114112K
  class space    used 3891K, committed 4096K, reserved 1048576K
}
Event: 8.498 GC heap after
{Heap after GC invocations=16 (full 0):
 garbage-first heap   total 173056K, used 60949K [0x00000000c2000000, 0x0000000100000000)
  region size 1024K, 1 young (1024K), 1 survivors (1024K)
 Metaspace       used 29416K, committed 29824K, reserved 1114112K
  class space    used 3891K, committed 4096K, reserved 1048576K
}
Event: 9.419 GC heap before
{Heap before GC invocations=16 (full 0):
 garbage-first heap   total 173056K, used 131605K [0x00000000c2000000, 0x0000000100000000)
  region size 1024K, 71 young (72704K), 1 survivors (1024K)
 Metaspace       used 34514K, committed 34944K, reserved 1114112K
  class space    used 4841K, committed 5056K, reserved 1048576K
}
Event: 9.425 GC heap after
{Heap after GC invocations=17 (full 0):
 garbage-first heap   total 173056K, used 62680K [0x00000000c2000000, 0x0000000100000000)
  region size 1024K, 3 young (3072K), 3 survivors (3072K)
 Metaspace       used 34514K, committed 34944K, reserved 1114112K
  class space    used 4841K, committed 5056K, reserved 1048576K
}
Event: 10.821 GC heap before
{Heap before GC invocations=18 (full 0):
 garbage-first heap   total 173056K, used 137432K [0x00000000c2000000, 0x0000000100000000)
  region size 1024K, 74 young (75776K), 3 survivors (3072K)
 Metaspace       used 42985K, committed 43520K, reserved 1114112K
  class space    used 6123K, committed 6336K, reserved 1048576K
}
Event: 10.837 GC heap after
{Heap after GC invocations=19 (full 0):
 garbage-first heap   total 173056K, used 68465K [0x00000000c2000000, 0x0000000100000000)
  region size 1024K, 9 young (9216K), 9 survivors (9216K)
 Metaspace       used 42985K, committed 43520K, reserved 1114112K
  class space    used 6123K, committed 6336K, reserved 1048576K
}
Event: 10.842 GC heap before
{Heap before GC invocations=19 (full 0):
 garbage-first heap   total 173056K, used 69489K [0x00000000c2000000, 0x0000000100000000)
  region size 1024K, 10 young (10240K), 9 survivors (9216K)
 Metaspace       used 42985K, committed 43520K, reserved 1114112K
  class space    used 6123K, committed 6336K, reserved 1048576K
}
Event: 10.858 GC heap after
{Heap after GC invocations=20 (full 0):
 garbage-first heap   total 173056K, used 68505K [0x00000000c2000000, 0x0000000100000000)
  region size 1024K, 1 young (1024K), 1 survivors (1024K)
 Metaspace       used 42985K, committed 43520K, reserved 1114112K
  class space    used 6123K, committed 6336K, reserved 1048576K
}
Event: 11.781 GC heap before
{Heap before GC invocations=20 (full 0):
 garbage-first heap   total 173056K, used 136089K [0x00000000c2000000, 0x0000000100000000)
  region size 1024K, 68 young (69632K), 1 survivors (1024K)
 Metaspace       used 50317K, committed 51008K, reserved 1114112K
  class space    used 6991K, committed 7296K, reserved 1048576K
}

Deoptimization events (20 events):
Event: 11.661 Thread 0x000001c8f246d4b0 DEOPT PACKING pc=0x000001c8a300906c sp=0x00000085a32fbf20
Event: 11.661 Thread 0x000001c8f246d4b0 DEOPT UNPACKING pc=0x000001c8a2cf2b43 sp=0x00000085a32fb3b8 mode 1
Event: 11.661 Thread 0x000001c8f246d4b0 DEOPT PACKING pc=0x000001c8a30086fc sp=0x00000085a32fbff0
Event: 11.661 Thread 0x000001c8f246d4b0 DEOPT UNPACKING pc=0x000001c8a2cf2b43 sp=0x00000085a32fb498 mode 1
Event: 11.661 Thread 0x000001c8f246d4b0 DEOPT PACKING pc=0x000001c8a39b7464 sp=0x00000085a32fc040
Event: 11.661 Thread 0x000001c8f246d4b0 DEOPT UNPACKING pc=0x000001c8a2cf2b43 sp=0x00000085a32fb650 mode 1
Event: 11.661 Thread 0x000001c8f246d4b0 DEOPT PACKING pc=0x000001c8a31a40f4 sp=0x00000085a32fc280
Event: 11.661 Thread 0x000001c8f246d4b0 DEOPT UNPACKING pc=0x000001c8a2cf2b43 sp=0x00000085a32fb738 mode 1
Event: 11.661 Thread 0x000001c8f246d4b0 DEOPT PACKING pc=0x000001c8a31e3a54 sp=0x00000085a32fcc10
Event: 11.661 Thread 0x000001c8f246d4b0 DEOPT UNPACKING pc=0x000001c8a2cf2b43 sp=0x00000085a32fc100 mode 1
Event: 11.661 Thread 0x000001c8f246d4b0 DEOPT PACKING pc=0x000001c8a300906c sp=0x00000085a32fbf20
Event: 11.661 Thread 0x000001c8f246d4b0 DEOPT UNPACKING pc=0x000001c8a2cf2b43 sp=0x00000085a32fb3b8 mode 1
Event: 11.661 Thread 0x000001c8f246d4b0 DEOPT PACKING pc=0x000001c8a30086fc sp=0x00000085a32fbff0
Event: 11.661 Thread 0x000001c8f246d4b0 DEOPT UNPACKING pc=0x000001c8a2cf2b43 sp=0x00000085a32fb498 mode 1
Event: 11.661 Thread 0x000001c8f246d4b0 DEOPT PACKING pc=0x000001c8a39b7464 sp=0x00000085a32fc040
Event: 11.661 Thread 0x000001c8f246d4b0 DEOPT UNPACKING pc=0x000001c8a2cf2b43 sp=0x00000085a32fb650 mode 1
Event: 11.661 Thread 0x000001c8f246d4b0 DEOPT PACKING pc=0x000001c8a31a40f4 sp=0x00000085a32fc280
Event: 11.661 Thread 0x000001c8f246d4b0 DEOPT UNPACKING pc=0x000001c8a2cf2b43 sp=0x00000085a32fb738 mode 1
Event: 11.661 Thread 0x000001c8f246d4b0 DEOPT PACKING pc=0x000001c8a31e3a54 sp=0x00000085a32fcc10
Event: 11.661 Thread 0x000001c8f246d4b0 DEOPT UNPACKING pc=0x000001c8a2cf2b43 sp=0x00000085a32fc100 mode 1

Classes unloaded (0 events):
No events

Classes redefined (0 events):
No events

Internal exceptions (20 events):
Event: 10.671 Thread 0x000001c8f1795650 Exception <a 'java/lang/NoSuchMethodError'{0x00000000c8a0bde0}: 'java.lang.Object java.lang.invoke.Invokers$Holder.linkToTargetMethod(java.lang.Object, java.lang.Object, java.lang.Object, java.lang.Object, int, java.lang.Object)'> (0x00000000c8a0bde0) 
thrown [s\open\src\hotspot\share\interpreter\linkResolver.cpp, line 759]
Event: 10.673 Thread 0x000001c8f1795650 Exception <a 'java/lang/NoSuchMethodError'{0x00000000c8a1b3d8}: 'java.lang.Object java.lang.invoke.DirectMethodHandle$Holder.invokeSpecial(java.lang.Object, java.lang.Object, java.lang.Object, java.lang.Object, int, int, java.lang.Object)'> (0x00000000c8a1b3d8) 
thrown [s\open\src\hotspot\share\interpreter\linkResolver.cpp, line 759]
Event: 10.713 Thread 0x000001c8f1782380 Exception <a 'sun/nio/fs/WindowsException'{0x00000000c89c6548}> (0x00000000c89c6548) 
thrown [s\open\src\hotspot\share\prims\jni.cpp, line 516]
Event: 10.714 Thread 0x000001c8f1782380 Exception <a 'sun/nio/fs/WindowsException'{0x00000000c89c6838}> (0x00000000c89c6838) 
thrown [s\open\src\hotspot\share\prims\jni.cpp, line 516]
Event: 11.073 Thread 0x000001c89b3e7010 Exception <a 'java/lang/NoSuchMethodError'{0x00000000ca851a18}: 'java.lang.Object java.lang.invoke.DirectMethodHandle$Holder.invokeSpecial(java.lang.Object, java.lang.Object, java.lang.Object, java.lang.Object, int)'> (0x00000000ca851a18) 
thrown [s\open\src\hotspot\share\interpreter\linkResolver.cpp, line 759]
Event: 11.074 Thread 0x000001c89b3e7010 Exception <a 'java/lang/NoSuchMethodError'{0x00000000ca8553f0}: 'java.lang.Object java.lang.invoke.Invokers$Holder.linkToTargetMethod(java.lang.Object, java.lang.Object, int, java.lang.Object)'> (0x00000000ca8553f0) 
thrown [s\open\src\hotspot\share\interpreter\linkResolver.cpp, line 759]
Event: 11.151 Thread 0x000001c8f246d4b0 Exception <a 'java/lang/IncompatibleClassChangeError'{0x00000000ca269ab0}: Found class java.lang.Object, but interface was expected> (0x00000000ca269ab0) 
thrown [s\open\src\hotspot\share\interpreter\linkResolver.cpp, line 826]
Event: 11.158 Thread 0x000001c8f246d4b0 Exception <a 'sun/nio/fs/WindowsException'{0x00000000ca2b75b0}> (0x00000000ca2b75b0) 
thrown [s\open\src\hotspot\share\prims\jni.cpp, line 516]
Event: 11.159 Thread 0x000001c8f246d4b0 Exception <a 'sun/nio/fs/WindowsException'{0x00000000ca2b7bd0}> (0x00000000ca2b7bd0) 
thrown [s\open\src\hotspot\share\prims\jni.cpp, line 516]
Event: 11.190 Thread 0x000001c8f246d4b0 Exception <a 'sun/nio/fs/WindowsException'{0x00000000ca0813b0}> (0x00000000ca0813b0) 
thrown [s\open\src\hotspot\share\prims\jni.cpp, line 516]
Event: 11.191 Thread 0x000001c8f246d4b0 Exception <a 'sun/nio/fs/WindowsException'{0x00000000ca081bb8}> (0x00000000ca081bb8) 
thrown [s\open\src\hotspot\share\prims\jni.cpp, line 516]
Event: 11.191 Thread 0x000001c8f246d4b0 Exception <a 'sun/nio/fs/WindowsException'{0x00000000ca082230}> (0x00000000ca082230) 
thrown [s\open\src\hotspot\share\prims\jni.cpp, line 516]
Event: 11.191 Thread 0x000001c8f246d4b0 Exception <a 'sun/nio/fs/WindowsException'{0x00000000ca082820}> (0x00000000ca082820) 
thrown [s\open\src\hotspot\share\prims\jni.cpp, line 516]
Event: 11.191 Thread 0x000001c8f246d4b0 Exception <a 'sun/nio/fs/WindowsException'{0x00000000ca082af0}> (0x00000000ca082af0) 
thrown [s\open\src\hotspot\share\prims\jni.cpp, line 516]
Event: 11.197 Thread 0x000001c8f246d4b0 Exception <a 'sun/nio/fs/WindowsException'{0x00000000ca0c6b68}> (0x00000000ca0c6b68) 
thrown [s\open\src\hotspot\share\prims\jni.cpp, line 516]
Event: 11.198 Thread 0x000001c8f246d4b0 Exception <a 'sun/nio/fs/WindowsException'{0x00000000ca0c71b0}> (0x00000000ca0c71b0) 
thrown [s\open\src\hotspot\share\prims\jni.cpp, line 516]
Event: 11.198 Thread 0x000001c8f246d4b0 Exception <a 'sun/nio/fs/WindowsException'{0x00000000ca0c77a0}> (0x00000000ca0c77a0) 
thrown [s\open\src\hotspot\share\prims\jni.cpp, line 516]
Event: 11.198 Thread 0x000001c8f246d4b0 Exception <a 'sun/nio/fs/WindowsException'{0x00000000ca0c79e0}> (0x00000000ca0c79e0) 
thrown [s\open\src\hotspot\share\prims\jni.cpp, line 516]
Event: 11.219 Thread 0x000001c8f246d4b0 Exception <a 'sun/nio/fs/WindowsException'{0x00000000c9fcb680}> (0x00000000c9fcb680) 
thrown [s\open\src\hotspot\share\prims\jni.cpp, line 516]
Event: 11.534 Thread 0x000001c8f246d4b0 Exception <a 'java/lang/IncompatibleClassChangeError'{0x00000000c92228d0}: Found class java.lang.Object, but interface was expected> (0x00000000c92228d0) 
thrown [s\open\src\hotspot\share\interpreter\linkResolver.cpp, line 826]

VM Operations (20 events):
Event: 10.099 Executing VM operation: HandshakeAllThreads done
Event: 10.119 Executing VM operation: HandshakeAllThreads
Event: 10.119 Executing VM operation: HandshakeAllThreads done
Event: 10.416 Executing VM operation: ICBufferFull
Event: 10.416 Executing VM operation: ICBufferFull done
Event: 10.458 Executing VM operation: HandshakeAllThreads
Event: 10.458 Executing VM operation: HandshakeAllThreads done
Event: 10.582 Executing VM operation: ICBufferFull
Event: 10.583 Executing VM operation: ICBufferFull done
Event: 10.739 Executing VM operation: HandshakeAllThreads
Event: 10.739 Executing VM operation: HandshakeAllThreads done
Event: 10.821 Executing VM operation: G1CollectForAllocation
Event: 10.837 Executing VM operation: G1CollectForAllocation done
Event: 10.842 Executing VM operation: G1CollectForAllocation
Event: 10.858 Executing VM operation: G1CollectForAllocation done
Event: 11.047 Executing VM operation: HandshakeAllThreads
Event: 11.047 Executing VM operation: HandshakeAllThreads done
Event: 11.082 Executing VM operation: HandshakeAllThreads
Event: 11.082 Executing VM operation: HandshakeAllThreads done
Event: 11.781 Executing VM operation: G1CollectForAllocation

Events (20 events):
Event: 11.046 loading class sun/nio/cs/UTF_8$Encoder done
Event: 11.076 loading class java/util/concurrent/ForkJoinTask$RunnableExecuteAction
Event: 11.076 loading class java/util/concurrent/ForkJoinTask$RunnableExecuteAction done
Event: 11.077 Thread 0x000001c8f24739f0 Thread added: 0x000001c8f24739f0
Event: 11.078 Thread 0x000001c8f246c580 Thread added: 0x000001c8f246c580
Event: 11.083 Thread 0x000001c8f246d4b0 Thread added: 0x000001c8f246d4b0
Event: 11.110 loading class javax/naming/spi/InitialContextFactory
Event: 11.110 loading class javax/naming/spi/InitialContextFactory done
Event: 11.110 loading class javax/naming/spi/NamingManager
Event: 11.111 loading class javax/naming/spi/NamingManager done
Event: 11.111 loading class com/sun/naming/internal/VersionHelper
Event: 11.112 loading class com/sun/naming/internal/VersionHelper done
Event: 11.311 loading class java/util/concurrent/ScheduledThreadPoolExecutor
Event: 11.311 loading class java/util/concurrent/ScheduledThreadPoolExecutor done
Event: 11.312 loading class java/util/concurrent/RunnableScheduledFuture
Event: 11.312 loading class java/util/concurrent/RunnableScheduledFuture done
Event: 11.312 loading class java/util/concurrent/ScheduledThreadPoolExecutor$DelayedWorkQueue
Event: 11.312 loading class java/util/concurrent/ScheduledThreadPoolExecutor$DelayedWorkQueue done
Event: 11.636 loading class java/util/concurrent/CancellationException
Event: 11.636 loading class java/util/concurrent/CancellationException done


Dynamic libraries:
0x00007ff7d8280000 - 0x00007ff7d8290000 	C:\Program Files\Java\jdk-17\bin\java.EXE
0x00007ff912730000 - 0x00007ff912928000 	C:\WINDOWS\SYSTEM32\ntdll.dll
0x00007ff910820000 - 0x00007ff9108dd000 	C:\WINDOWS\System32\KERNEL32.DLL
0x00007ff910470000 - 0x00007ff910766000 	C:\WINDOWS\System32\KERNELBASE.dll
0x00007ff90fe90000 - 0x00007ff90ff90000 	C:\WINDOWS\System32\ucrtbase.dll
0x00007ff8f7850000 - 0x00007ff8f7869000 	C:\Program Files\Java\jdk-17\bin\jli.dll
0x00007ff911850000 - 0x00007ff911903000 	C:\WINDOWS\System32\ADVAPI32.dll
0x00007ff911660000 - 0x00007ff9116fe000 	C:\WINDOWS\System32\msvcrt.dll
0x00007ff9117b0000 - 0x00007ff91184f000 	C:\WINDOWS\System32\sechost.dll
0x00007ff911b60000 - 0x00007ff911c86000 	C:\WINDOWS\System32\RPCRT4.dll
0x00007ff910320000 - 0x00007ff910347000 	C:\WINDOWS\System32\bcrypt.dll
0x00007ff911dd0000 - 0x00007ff911f6e000 	C:\WINDOWS\System32\USER32.dll
0x00007ff8f57c0000 - 0x00007ff8f57db000 	C:\Program Files\Java\jdk-17\bin\VCRUNTIME140.dll
0x00007ff90fe60000 - 0x00007ff90fe82000 	C:\WINDOWS\System32\win32u.dll
0x00007ff911f70000 - 0x00007ff911f9b000 	C:\WINDOWS\System32\GDI32.dll
0x00007ff910350000 - 0x00007ff910467000 	C:\WINDOWS\System32\gdi32full.dll
0x00007ff910020000 - 0x00007ff9100bd000 	C:\WINDOWS\System32\msvcp_win.dll
0x00007ff8f8ae0000 - 0x00007ff8f8d7a000 	C:\WINDOWS\WinSxS\amd64_microsoft.windows.common-controls_6595b64144ccf1df_6.0.19041.3636_none_60b6a03d71f818d5\COMCTL32.dll
0x00007ff907010000 - 0x00007ff90701a000 	C:\WINDOWS\SYSTEM32\VERSION.dll
0x00007ff9107d0000 - 0x00007ff910802000 	C:\WINDOWS\System32\IMM32.DLL
0x00007ff8fabb0000 - 0x00007ff8fabbc000 	C:\Program Files\Java\jdk-17\bin\vcruntime140_1.dll
0x00007ff8ee640000 - 0x00007ff8ee6ce000 	C:\Program Files\Java\jdk-17\bin\msvcp140.dll
0x00007ff8c6200000 - 0x00007ff8c6ddf000 	C:\Program Files\Java\jdk-17\bin\server\jvm.dll
0x00007ff910810000 - 0x00007ff910818000 	C:\WINDOWS\System32\PSAPI.DLL
0x00007ff90e4e0000 - 0x00007ff90e4e9000 	C:\WINDOWS\SYSTEM32\WSOCK32.dll
0x00007ff911d60000 - 0x00007ff911dcb000 	C:\WINDOWS\System32\WS2_32.dll
0x00007ff8f89b0000 - 0x00007ff8f89d7000 	C:\WINDOWS\SYSTEM32\WINMM.dll
0x00007ff90e5f0000 - 0x00007ff90e602000 	C:\WINDOWS\SYSTEM32\kernel.appcore.dll
0x00007ff8f6860000 - 0x00007ff8f686a000 	C:\Program Files\Java\jdk-17\bin\jimage.dll
0x00007ff90e2d0000 - 0x00007ff90e4b4000 	C:\WINDOWS\SYSTEM32\DBGHELP.DLL
0x00007ff905f80000 - 0x00007ff905fb4000 	C:\WINDOWS\SYSTEM32\dbgcore.DLL
0x00007ff90ff90000 - 0x00007ff910012000 	C:\WINDOWS\System32\bcryptPrimitives.dll
0x00007ff8f1020000 - 0x00007ff8f102e000 	C:\Program Files\Java\jdk-17\bin\instrument.dll
0x00007ff8f14e0000 - 0x00007ff8f1505000 	C:\Program Files\Java\jdk-17\bin\java.dll
0x00007ff8efa90000 - 0x00007ff8efacb000 	C:\Program Files\Java\jdk-17\bin\jdwp.dll
0x00007ff8c9db0000 - 0x00007ff8c9e87000 	C:\Program Files\Java\jdk-17\bin\jsvml.dll
0x00007ff911fa0000 - 0x00007ff9126e5000 	C:\WINDOWS\System32\SHELL32.dll
0x00007ff90da60000 - 0x00007ff90e1fc000 	C:\WINDOWS\SYSTEM32\windows.storage.dll
0x00007ff9112a0000 - 0x00007ff9115f4000 	C:\WINDOWS\System32\combase.dll
0x00007ff90f740000 - 0x00007ff90f76e000 	C:\WINDOWS\SYSTEM32\Wldp.dll
0x00007ff911c90000 - 0x00007ff911d5d000 	C:\WINDOWS\System32\OLEAUT32.dll
0x00007ff910d70000 - 0x00007ff910e1d000 	C:\WINDOWS\System32\SHCORE.dll
0x00007ff911910000 - 0x00007ff911965000 	C:\WINDOWS\System32\shlwapi.dll
0x00007ff90fd20000 - 0x00007ff90fd45000 	C:\WINDOWS\SYSTEM32\profapi.dll
0x00007ff8f0db0000 - 0x00007ff8f0dc8000 	C:\Program Files\Java\jdk-17\bin\zip.dll
0x00007ff8f3490000 - 0x00007ff8f34a9000 	C:\Program Files\Java\jdk-17\bin\net.dll
0x00007ff905c70000 - 0x00007ff905d7a000 	C:\WINDOWS\SYSTEM32\WINHTTP.dll
0x00007ff90f520000 - 0x00007ff90f58a000 	C:\WINDOWS\system32\mswsock.dll
0x00007ff8f1550000 - 0x00007ff8f1566000 	C:\Program Files\Java\jdk-17\bin\nio.dll
0x00007ff8f0cd0000 - 0x00007ff8f0cdc000 	C:\Program Files\Java\jdk-17\bin\dt_socket.dll
0x00007ff90f1e0000 - 0x00007ff90f21b000 	C:\WINDOWS\SYSTEM32\IPHLPAPI.DLL
0x00007ff90f230000 - 0x00007ff90f2fb000 	C:\WINDOWS\SYSTEM32\DNSAPI.dll
0x00007ff910d60000 - 0x00007ff910d68000 	C:\WINDOWS\System32\NSI.dll
0x00007ff907fe0000 - 0x00007ff907fea000 	C:\Windows\System32\rasadhlp.dll
0x00007ff8fe4a0000 - 0x00007ff8fe520000 	C:\WINDOWS\System32\fwpuclnt.dll
0x00007ff8f40f0000 - 0x00007ff8f4100000 	C:\Program Files\Java\jdk-17\bin\verify.dll
0x00007ff8f0a30000 - 0x00007ff8f0a3a000 	C:\Program Files\Java\jdk-17\bin\management.dll
0x00007ff8f0990000 - 0x00007ff8f099b000 	C:\Program Files\Java\jdk-17\bin\management_ext.dll
0x0000000069ac0000 - 0x0000000069ae4000 	C:\Users\krist\AppData\Local\Temp\jansi-2.4.0-1fad1f9c753d5506-jansi.dll
0x00007ff90f780000 - 0x00007ff90f798000 	C:\WINDOWS\SYSTEM32\CRYPTSP.dll
0x00007ff90ee00000 - 0x00007ff90ee34000 	C:\WINDOWS\system32\rsaenh.dll
0x00007ff90fca0000 - 0x00007ff90fcce000 	C:\WINDOWS\SYSTEM32\USERENV.dll
0x00007ff90f6b0000 - 0x00007ff90f6bc000 	C:\WINDOWS\SYSTEM32\CRYPTBASE.dll
0x00007ff8ddf80000 - 0x00007ff8ddf97000 	C:\WINDOWS\system32\napinsp.dll
0x00007ff8ddf60000 - 0x00007ff8ddf7b000 	C:\WINDOWS\system32\pnrpnsp.dll
0x00007ff90ab50000 - 0x00007ff90ab65000 	C:\WINDOWS\system32\wshbth.dll
0x00007ff907e70000 - 0x00007ff907e8d000 	C:\WINDOWS\system32\NLAapi.dll
0x00007ff8ddf40000 - 0x00007ff8ddf52000 	C:\WINDOWS\System32\winrnr.dll
0x00007ff9052b0000 - 0x00007ff9052c7000 	C:\WINDOWS\SYSTEM32\dhcpcsvc6.DLL
0x00007ff905590000 - 0x00007ff9055ad000 	C:\WINDOWS\SYSTEM32\dhcpcsvc.DLL

dbghelp: loaded successfully - version: 4.0.5 - missing functions: none
symbol engine: initialized successfully - sym options: 0x614 - pdb path: .;C:\Program Files\Java\jdk-17\bin;C:\WINDOWS\SYSTEM32;C:\WINDOWS\WinSxS\amd64_microsoft.windows.common-controls_6595b64144ccf1df_6.0.19041.3636_none_60b6a03d71f818d5;C:\Program Files\Java\jdk-17\bin\server;C:\Users\krist\AppData\Local\Temp

VM Arguments:
jvm_args: -Dquarkus-internal.serialized-app-model.path=C:\Users\krist\movies-and-actors-example\target\quarkus\bootstrap\dev-app-model.dat -javaagent:C:\Users\krist\.m2\repository\io\quarkus\quarkus-class-change-agent\3.9.1\quarkus-class-change-agent-3.9.1.jar -XX:TieredStopAtLevel=1 -agentlib:jdwp=transport=dt_socket,address=localhost:5005,server=y,suspend=n -Djava.util.logging.manager=org.jboss.logmanager.LogManager 
java_command: C:\Users\krist\movies-and-actors-example\target\movies-and-actors-example-dev.jar
java_class_path (initial): C:\Users\krist\movies-and-actors-example\target\movies-and-actors-example-dev.jar
Launcher Type: SUN_STANDARD

[Global flags]
     intx CICompilerCount                          = 3                                         {product} {ergonomic}
     uint ConcGCThreads                            = 1                                         {product} {ergonomic}
     uint G1ConcRefinementThreads                  = 4                                         {product} {ergonomic}
   size_t G1HeapRegionSize                         = 1048576                                   {product} {ergonomic}
    uintx GCDrainStackTargetSize                   = 64                                        {product} {ergonomic}
   size_t InitialHeapSize                          = 65011712                                  {product} {ergonomic}
   size_t MarkStackSize                            = 4194304                                   {product} {ergonomic}
   size_t MaxHeapSize                              = 1040187392                                {product} {ergonomic}
   size_t MaxNewSize                               = 623902720                                 {product} {ergonomic}
   size_t MinHeapDeltaBytes                        = 1048576                                   {product} {ergonomic}
   size_t MinHeapSize                              = 8388608                                   {product} {ergonomic}
    uintx NonProfiledCodeHeapSize                  = 0                                      {pd product} {ergonomic}
     bool ProfileInterpreter                       = false                                  {pd product} {command line}
    uintx ProfiledCodeHeapSize                     = 0                                      {pd product} {ergonomic}
   size_t SoftMaxHeapSize                          = 1040187392                             {manageable} {ergonomic}
     intx TieredStopAtLevel                        = 1                                         {product} {command line}
     bool UseCompressedClassPointers               = true                           {product lp64_product} {ergonomic}
     bool UseCompressedOops                        = true                           {product lp64_product} {ergonomic}
     bool UseG1GC                                  = true                                      {product} {ergonomic}
     bool UseLargePagesIndividualAllocation        = false                                  {pd product} {ergonomic}

Logging:
Log output configuration:
 #0: stdout all=warning uptime,level,tags
 #1: stderr all=off uptime,level,tags

Environment Variables:
JAVA_HOME=C:\Program Files\Java\jdk-17
CLASSPATH="C:\Users\krist\scoop\apps\quarkus-cli\current"\etc;"C:\Users\krist\scoop\apps\quarkus-cli\current\lib"\quarkus-cli-3.9.1-runner.jar
PATH=C:\Program Files\Common Files\Oracle\Java\javapath;C:\Program Files (x86)\Common Files\Intel\Shared Libraries\redist\intel64\compiler;C:\ProgramData\Boxstarter;C:\Windows\system32;C:\Windows;C:\Windows\System32\Wbem;C:\Windows\System32\WindowsPowerShell\v1.0\;C:\Program Files (x86)\NVIDIA Corporation\PhysX\Common;C:\WINDOWS\system32;C:\WINDOWS;C:\WINDOWS\System32\Wbem;C:\WINDOWS\System32\WindowsPowerShell\v1.0\;C:\WINDOWS\System32\OpenSSH\;C:\Program Files\nodejs\;C:\ProgramData\chocolatey\bin;C:\Users\krist\AppData\Roaming\Microsoft\Windows\Start Menu\Programs\Python 3.7;C:\Program Files\NVIDIA Corporation\NVIDIA NvDLISR;C:\TDM-GCC-64\bin;C:\Program Files\MiKTeX 2.9\miktex\bin\x64\;C:\Program Files\Git\cmd;C:\WINDOWS\system32;C:\WINDOWS;C:\WINDOWS\System32\Wbem;C:\WINDOWS\System32\WindowsPowerShell\v1.0\;C:\WINDOWS\System32\OpenSSH\;C:\Program Files\Java\jdk-17\bin;D:\Programi\Matlab\bin;C:\Program Files\dotnet\;C:\Program Files\Docker\Docker\resources\bin;C:\Users\krist\scoop\shims;C:\Users\krist\AppData\Local\Programs\Python\Python37-32\Scripts\;C:\Users\krist\AppData\Local\Programs\Python\Python37-32\;C:\Program Files (x86)\Elm\0.19\bin;C:\Users\krist\AppData\Local\Microsoft\WindowsApps;C:\Users\krist\AppData\Local\atom\bin;C:\Users\krist\AppData\Roaming\npm;C:\Program Files\heroku\bin;C:\Users\krist\AppData\Local\Microsoft\WindowsApps;C:\Program Files\apache-maven-3.9.6\bin;C:\Users\krist\AppData\Local\GitHubDesktop\bin;
USERNAME=krist
OS=Windows_NT
PROCESSOR_IDENTIFIER=Intel64 Family 6 Model 61 Stepping 4, GenuineIntel



---------------  S Y S T E M  ---------------

OS:
 Windows 10 , 64 bit Build 19041 (10.0.19041.3636)
OS uptime: 3 days 22:19 hours
Hyper-V role detected

CPU: total 4 (initial active 4) (2 cores per cpu, 2 threads per core) family 6 model 61 stepping 4 microcode 0x2d, cx8, cmov, fxsr, ht, mmx, 3dnowpref, sse, sse2, sse3, ssse3, sse4.1, sse4.2, popcnt, lzcnt, tsc, tscinvbit, avx, avx2, aes, erms, clmul, bmi1, bmi2, adx, fma, vzeroupper, clflush, hv

Memory: 4k page, system-wide physical 3963M (234M free)
TotalPageFile size 11963M (AvailPageFile size 329M)
current process WorkingSet (physical memory assigned to process): 281M, peak: 281M
current process commit charge ("private bytes"): 346M, peak: 676M

vm_info: Java HotSpot(TM) 64-Bit Server VM (17.0.10+11-LTS-240) for windows-amd64 JRE (17.0.10+11-LTS-240), built on Dec 19 2023 21:47:25 by "mach5one" with MS VC++ 17.1 (VS2022)

END.
